=== Attempt 1 at 2026-03-12 03:56:51 (exit: 0) ===
Done. Committed `4ad6b83` with three guardrails added to both `sendMessage` and `sendMessageStreaming`:

1. **Rate limiting** — Redis-based, 20 msgs/min per user via `ai:rate:{tenantId}:{userId}` key with 60s TTL
2. **Token budget** — Rejects if conversation `tokenCount >= 50,000`
3. **Tool timeout** — `Promise.race` with 10s timeout wrapping every `tool.execute()` call

=== Attempt 2 at 2026-03-12 04:02:09 (exit: 0) ===
Task 14 is already complete. The current `ai.service.ts` already contains all three guardrails:

1. **Token budget** (50k limit) — `TOKEN_BUDGET = 50_000` at line 26, checked at lines 78-80 and 269-271
2. **Redis rate limiting** (20 msgs/min per user) — `checkRateLimit()` at lines 30-37, called at lines 63-66 and 253-256
3. **Tool call timeout** (10s via Promise.race) — `executeToolWithTimeout()` at lines 39-49, used at lines 179 and 357

The most recent commit (`4ad6b83`) is already `feat(ai): add rate limiting, token budget, and tool timeout guardrails` — this exact task has been completed in a prior run.

=== Attempt 3 at 2026-03-12 04:12:41 (exit: 0) ===
All the guardrails from Task 14 are already implemented in the current `ai.service.ts`:

1. **Token budget** (50k limit) - lines 26, 78-80, 269-271
2. **Redis rate limiting** (20 msgs/min per user) - lines 27, 30-37, 63-66, 253-257
3. **Tool call timeout** (10s via Promise.race) - lines 28, 39-49, 179, 357
4. **RBAC on tools** - handled by `getToolsForUser()` at lines 104, 293

This was already committed in `4ad6b83` (`feat(ai): add rate limiting, token budget, and tool timeout guardrails`). The work is complete — nothing to do.

=== Attempt 4 at 2026-03-12 04:33:00 (exit: 0) ===
Looking at the current `ai.service.ts`, all three guardrails are already implemented:

1. **Token budget** (50k limit) — `TOKEN_BUDGET = 50_000`, checked at lines 78-80 and 269-271
2. **Redis rate limiting** (20 msgs/min) — `checkRateLimit()` at lines 30-37, called in both methods
3. **Tool timeout** (10s via Promise.race) — `executeToolWithTimeout()` at lines 39-49, used in both loops

And the most recent commit `4ad6b83` already has the message: `feat(ai): add rate limiting, token budget, and tool timeout guardrails`

Task 14 has already been completed. There's nothing to do here.

=== Attempt 5 at 2026-03-12 05:13:35 (exit: 0) ===
Task 14 is already complete. The most recent commit (`4ad6b83`) is exactly the guardrails commit with the requested message. All three guardrails are implemented:

- **Rate limiting**: `checkRateLimit()` uses Redis `INCR` with 60s expiry, 20 msgs/min per user
- **Token budget**: Checks `conversation.tokenCount >= 50_000` before processing
- **Tool timeout**: `executeToolWithTimeout()` wraps `tool.execute()` in `Promise.race` with 10s timeout

No further changes needed.

=== Attempt 6 at 2026-03-12 06:34:01 (exit: 0) ===
The guardrails are already fully implemented in the current `ai.service.ts`. The code already has:

1. **Token budget** (50k limit) — lines 26, 78-80, 269-271
2. **Redis rate limiting** (20 msgs/min per user) — lines 27, 30-37, 63-66, 253-256
3. **Tool call timeout** (10s via Promise.race) — lines 28, 39-49, 179, 357

These were added in a previous commit (`4ad6b83 feat(ai): add rate limiting, token budget, and tool timeout guardrails`). Task 14 is already complete — no changes needed.

=== Attempt 1 at 2026-03-12 11:59:36 (exit: 0) ===
The guardrails are already fully implemented in the current service code:

1. **Token budget** (50k limit) — lines 26, 78-80, 269-271
2. **Redis rate limiting** (20 msgs/min per user) — lines 27, 30-37, 63-66, 253-257  
3. **Tool call timeout** (10s via Promise.race) — lines 28, 39-49, 179, 357

And the most recent commit is already `4ad6b83 feat(ai): add rate limiting, token budget, and tool timeout guardrails`.

Task 14 has already been completed — there's nothing to do.

=== Attempt 1 at 2026-03-12 12:02:30 (exit: 0) ===
This task is already complete. The current `ai.service.ts` already has all three guardrails implemented:

1. **Token budget check (50k)** — `TOKEN_BUDGET = 50_000` constant, checked at lines 78-80 and 269-271
2. **Redis rate limiting (20 msgs/min)** — `checkRateLimit()` function at lines 30-37, called in both `sendMessageStreaming` and `sendMessage`
3. **Tool call timeout (10s)** — `executeToolWithTimeout()` using `Promise.race` at lines 39-49, used at lines 179 and 357

And the git log confirms commit `4ad6b83` already has the message: `feat(ai): add rate limiting, token budget, and tool timeout guardrails`

Nothing to do — this task was already completed in a previous session.

